==== Channel [0] ====
 =======================================================
 ============== Printing Statistics [id:0]==============
   Total Return Transactions : 3890 (248960 bytes) aggregate average bandwidth 9.269GB/s
      -Rank   0 : 
        -Reads  : 1929 (123456 bytes)
        -Writes : 0 (0 bytes)
        -Bandwidth / Latency  (Bank 0): 0.572 GB/s		367.119 ns
        -Bandwidth / Latency  (Bank 1): 0.503 GB/s		332.040 ns
        -Bandwidth / Latency  (Bank 2): 0.612 GB/s		379.424 ns
        -Bandwidth / Latency  (Bank 3): 0.598 GB/s		365.163 ns
        -Bandwidth / Latency  (Bank 4): 0.577 GB/s		342.483 ns
        -Bandwidth / Latency  (Bank 5): 0.586 GB/s		342.646 ns
        -Bandwidth / Latency  (Bank 6): 0.622 GB/s		350.695 ns
        -Bandwidth / Latency  (Bank 7): 0.527 GB/s		348.590 ns
 == Power Data for Rank        0
   Average Power (watts)     : 4.218
     -Background (watts)     : 1.079
     -Act/Pre    (watts)     : 2.172
     -Burst      (watts)     : 0.918
     -Refresh    (watts)     : 0.050
      -Rank   1 : 
        -Reads  : 1961 (125504 bytes)
        -Writes : 0 (0 bytes)
        -Bandwidth / Latency  (Bank 0): 0.536 GB/s		360.307 ns
        -Bandwidth / Latency  (Bank 1): 0.581 GB/s		389.158 ns
        -Bandwidth / Latency  (Bank 2): 0.603 GB/s		396.273 ns
        -Bandwidth / Latency  (Bank 3): 0.589 GB/s		417.947 ns
        -Bandwidth / Latency  (Bank 4): 0.610 GB/s		392.643 ns
        -Bandwidth / Latency  (Bank 5): 0.546 GB/s		411.386 ns
        -Bandwidth / Latency  (Bank 6): 0.624 GB/s		439.448 ns
        -Bandwidth / Latency  (Bank 7): 0.584 GB/s		418.720 ns
 == Power Data for Rank        1
   Average Power (watts)     : 4.267
     -Background (watts)     : 1.077
     -Act/Pre    (watts)     : 2.209
     -Burst      (watts)     : 0.931
     -Refresh    (watts)     : 0.050
 ---  Latency list (60)
       [lat] : #
       [20-29] : 17
       [30-39] : 17
       [40-49] : 37
       [50-59] : 47
       [60-69] : 46
       [70-79] : 52
       [80-89] : 50
       [90-99] : 55
       [100-109] : 79
       [110-119] : 71
       [120-129] : 88
       [130-139] : 81
       [140-149] : 91
       [150-159] : 98
       [160-169] : 101
       [170-179] : 118
       [180-189] : 117
       [190-199] : 120
       [200-209] : 142
       [210-219] : 118
       [220-229] : 131
       [230-239] : 133
       [240-249] : 128
       [250-259] : 139
       [260-269] : 134
       [270-279] : 145
       [280-289] : 117
       [290-299] : 109
       [300-309] : 118
       [310-319] : 114
       [320-329] : 112
       [330-339] : 92
       [340-349] : 96
       [350-359] : 106
       [360-369] : 80
       [370-379] : 76
       [380-389] : 74
       [390-399] : 74
       [400-409] : 54
       [410-419] : 61
       [420-429] : 38
       [430-439] : 38
       [440-449] : 28
       [450-459] : 22
       [460-469] : 20
       [470-479] : 26
       [480-489] : 12
       [490-499] : 12
       [500-509] : 12
       [510-519] : 4
       [520-529] : 9
       [530-539] : 5
       [540-549] : 7
       [550-559] : 3
       [560-569] : 5
       [570-579] : 4
       [580-589] : 2
       [590-599] : 2
       [600-609] : 1
       [620-629] : 2

 == Pending Transactions : 40 (16677)==
//// Channel [0] ////
